nohup: ignoring input
[INFO] [1763079647.983311118] [q_learning_agent]: Q-table loaded from /home/maddy/drone_ws/q_table.npy
[INFO] [1763079647.983571648] [q_learning_agent]: Q-Learning Agent initialized with RTAB-Map integration
[INFO] [1763079677.969944410] [q_learning_agent]: Q-table saved to /home/maddy/drone_ws/q_table.npy
[INFO] [1763079707.969482527] [q_learning_agent]: Q-table saved to /home/maddy/drone_ws/q_table.npy
[INFO] [1763079737.969652402] [q_learning_agent]: Q-table saved to /home/maddy/drone_ws/q_table.npy
[INFO] [1763079767.969723100] [q_learning_agent]: Q-table saved to /home/maddy/drone_ws/q_table.npy
[INFO] [1763079797.969367687] [q_learning_agent]: Q-table saved to /home/maddy/drone_ws/q_table.npy
[INFO] [1763079827.969476598] [q_learning_agent]: Q-table saved to /home/maddy/drone_ws/q_table.npy
[INFO] [1763079857.969312574] [q_learning_agent]: Q-table saved to /home/maddy/drone_ws/q_table.npy
[INFO] [1763079887.969713985] [q_learning_agent]: Q-table saved to /home/maddy/drone_ws/q_table.npy
[INFO] [1763079917.969804146] [q_learning_agent]: Q-table saved to /home/maddy/drone_ws/q_table.npy
[INFO] [1763079947.969840303] [q_learning_agent]: Q-table saved to /home/maddy/drone_ws/q_table.npy
[INFO] [1763079977.969510399] [q_learning_agent]: Q-table saved to /home/maddy/drone_ws/q_table.npy
[INFO] [1763080007.969458771] [q_learning_agent]: Q-table saved to /home/maddy/drone_ws/q_table.npy
[INFO] [1763080037.969850973] [q_learning_agent]: Q-table saved to /home/maddy/drone_ws/q_table.npy
[INFO] [1763080067.969948112] [q_learning_agent]: Q-table saved to /home/maddy/drone_ws/q_table.npy
[INFO] [1763080097.969848741] [q_learning_agent]: Q-table saved to /home/maddy/drone_ws/q_table.npy
[INFO] [1763080127.969309672] [q_learning_agent]: Q-table saved to /home/maddy/drone_ws/q_table.npy
[INFO] [1763080157.969531996] [q_learning_agent]: Q-table saved to /home/maddy/drone_ws/q_table.npy
[INFO] [1763080187.970053413] [q_learning_agent]: Q-table saved to /home/maddy/drone_ws/q_table.npy
[INFO] [1763080217.970681260] [q_learning_agent]: Q-table saved to /home/maddy/drone_ws/q_table.npy
[INFO] [1763080247.970026324] [q_learning_agent]: Q-table saved to /home/maddy/drone_ws/q_table.npy
[INFO] [1763080277.970107913] [q_learning_agent]: Q-table saved to /home/maddy/drone_ws/q_table.npy
[INFO] [1763080307.969514832] [q_learning_agent]: Q-table saved to /home/maddy/drone_ws/q_table.npy
[INFO] [1763080337.969547950] [q_learning_agent]: Q-table saved to /home/maddy/drone_ws/q_table.npy
[INFO] [1763080367.970010887] [q_learning_agent]: Q-table saved to /home/maddy/drone_ws/q_table.npy
[INFO] [1763080397.969429187] [q_learning_agent]: Q-table saved to /home/maddy/drone_ws/q_table.npy
[INFO] [1763080427.969370255] [q_learning_agent]: Q-table saved to /home/maddy/drone_ws/q_table.npy
[INFO] [1763080457.969775226] [q_learning_agent]: Q-table saved to /home/maddy/drone_ws/q_table.npy
[INFO] [1763080487.969516518] [q_learning_agent]: Q-table saved to /home/maddy/drone_ws/q_table.npy
[INFO] [1763080517.969485579] [q_learning_agent]: Q-table saved to /home/maddy/drone_ws/q_table.npy
[INFO] [1763080547.969620883] [q_learning_agent]: Q-table saved to /home/maddy/drone_ws/q_table.npy
[INFO] [1763080577.970318494] [q_learning_agent]: Q-table saved to /home/maddy/drone_ws/q_table.npy
[INFO] [1763080607.969735627] [q_learning_agent]: Q-table saved to /home/maddy/drone_ws/q_table.npy
[INFO] [1763080637.969691804] [q_learning_agent]: Q-table saved to /home/maddy/drone_ws/q_table.npy
[INFO] [1763080667.969697484] [q_learning_agent]: Q-table saved to /home/maddy/drone_ws/q_table.npy
[INFO] [1763080697.969508548] [q_learning_agent]: Q-table saved to /home/maddy/drone_ws/q_table.npy
[INFO] [1763080727.969803643] [q_learning_agent]: Q-table saved to /home/maddy/drone_ws/q_table.npy
[INFO] [1763080757.969852965] [q_learning_agent]: Q-table saved to /home/maddy/drone_ws/q_table.npy
[INFO] [1763080787.969841052] [q_learning_agent]: Q-table saved to /home/maddy/drone_ws/q_table.npy
[INFO] [1763080817.969538070] [q_learning_agent]: Q-table saved to /home/maddy/drone_ws/q_table.npy
[INFO] [1763080847.969671641] [q_learning_agent]: Q-table saved to /home/maddy/drone_ws/q_table.npy
[INFO] [1763080877.969551554] [q_learning_agent]: Q-table saved to /home/maddy/drone_ws/q_table.npy
[INFO] [1763080907.969883377] [q_learning_agent]: Q-table saved to /home/maddy/drone_ws/q_table.npy
[INFO] [1763080937.970106617] [q_learning_agent]: Q-table saved to /home/maddy/drone_ws/q_table.npy
[INFO] [1763080967.969485948] [q_learning_agent]: Q-table saved to /home/maddy/drone_ws/q_table.npy
[INFO] [1763080972.264594133] [q_learning_agent]: Q-table saved to /home/maddy/drone_ws/q_table.npy
Failed to publish log message to rosout: publisher's context is invalid, at ./src/rcl/publisher.c:389
Traceback (most recent call last):
  File "/home/maddy/drone_ws/install/drone_rl/lib/python3.10/site-packages/drone_rl/q_learning_agent.py", line 365, in main
    rclpy.spin(agent)
  File "/opt/ros/humble/local/lib/python3.10/dist-packages/rclpy/__init__.py", line 229, in spin
    executor.spin_once()
  File "/opt/ros/humble/local/lib/python3.10/dist-packages/rclpy/executors.py", line 751, in spin_once
    self._spin_once_impl(timeout_sec)
  File "/opt/ros/humble/local/lib/python3.10/dist-packages/rclpy/executors.py", line 740, in _spin_once_impl
    handler, entity, node = self.wait_for_ready_callbacks(timeout_sec=timeout_sec)
  File "/opt/ros/humble/local/lib/python3.10/dist-packages/rclpy/executors.py", line 723, in wait_for_ready_callbacks
    return next(self._cb_iter)
  File "/opt/ros/humble/local/lib/python3.10/dist-packages/rclpy/executors.py", line 624, in _wait_for_ready_callbacks
    raise ExternalShutdownException()
rclpy.executors.ExternalShutdownException

During handling of the above exception, another exception occurred:

Traceback (most recent call last):
  File "/home/maddy/drone_ws/install/drone_rl/bin/q_learning_agent", line 33, in <module>
    sys.exit(load_entry_point('drone-rl==1.0.0', 'console_scripts', 'q_learning_agent')())
  File "/home/maddy/drone_ws/install/drone_rl/lib/python3.10/site-packages/drone_rl/q_learning_agent.py", line 371, in main
    rclpy.shutdown()
  File "/opt/ros/humble/local/lib/python3.10/dist-packages/rclpy/__init__.py", line 130, in shutdown
    _shutdown(context=context)
  File "/opt/ros/humble/local/lib/python3.10/dist-packages/rclpy/utilities.py", line 58, in shutdown
    return context.shutdown()
  File "/opt/ros/humble/local/lib/python3.10/dist-packages/rclpy/context.py", line 102, in shutdown
    self.__context.shutdown()
rclpy._rclpy_pybind11.RCLError: failed to shutdown: rcl_shutdown already called on the given context, at ./src/rcl/init.c:241
